<?xml version="1.0" encoding="UTF-8"?>
<!-- Generated by org.testng.reporters.JUnitReportReporter -->
<testsuite skipped="0" hostname="LENOVO-PC" name="testNGGG.Ng1" tests="2" failures="0" timestamp="03 Jan 2022 07:03:19 GMT" time="0.055" errors="0">
  <testcase name="test1" time="0.047" classname="testNGGG.Ng1"/>
  <testcase name="tset2" time="0.008" classname="testNGGG.Ng1"/>
</testsuite> <!-- testNGGG.Ng1 -->
