<?xml version="1.0" encoding="UTF-8"?>
<!-- Generated by org.testng.reporters.JUnitReportReporter -->
<testsuite skipped="0" hostname="LENOVO-PC" name="testNGGG.Sample1" tests="3" failures="0" timestamp="03 Jan 2022 17:47:12 GMT" time="0.062" errors="0">
  <testcase name="test2" time="0.007" classname="testNGGG.Sample1"/>
  <testcase name="test1" time="0.034" classname="testNGGG.Sample1"/>
  <testcase name="test3" time="0.021" classname="testNGGG.Sample1"/>
</testsuite> <!-- testNGGG.Sample1 -->
