<?xml version="1.0" encoding="UTF-8"?>
<!-- Generated by org.testng.reporters.JUnitReportReporter -->
<testsuite skipped="0" hostname="LENOVO-PC" name="testNGGG.Sample2" tests="1" failures="0" timestamp="04 Jan 2022 07:12:39 GMT" time="46.512" errors="0">
  <testcase name="test1" time="46.512" classname="testNGGG.Sample2"/>
</testsuite> <!-- testNGGG.Sample2 -->
